[2026-06-26 09:37:37] ============================================================
[2026-06-26 09:37:37] Starting content generation process
[2026-06-26 09:37:37] ============================================================
[2026-06-26 09:37:37] ✓ Configuration loaded
[2026-06-26 09:37:37] ✓ Found 0 previously generated articles
[2026-06-26 09:37:37] ✓ Generated: How to Accept Cryptocurrency Payments in 2024: Complete Guide
[2026-06-26 09:37:37]   └─ Saved to: articles/accept-crypto-payments-2024.html
[2026-06-26 09:37:37] ✓ Generated: NFTs Explained: Understanding Digital Assets and Ownership
[2026-06-26 09:37:37]   └─ Saved to: articles/nft-guide-explained.html
[2026-06-26 09:37:37] ✓ Generated: Staking Cryptocurrency: Earn Passive Income on Your Holdings
[2026-06-26 09:37:37]   └─ Saved to: articles/crypto-staking-guide.html
[2026-06-26 09:37:37] ============================================================
[2026-06-26 09:37:37] Generation complete: 3 new articles created
[2026-06-26 09:37:37] ============================================================
[2026-06-26 09:49:30] ============================================================
[2026-06-26 09:49:30] Starting content generation process
[2026-06-26 09:49:30] ============================================================
[2026-06-26 09:49:30] ✓ Configuration loaded
[2026-06-26 09:49:30] ✓ Found 3 previously generated articles
[2026-06-26 09:49:30] ✓ Generated: The Future of Crypto: Trends and Predictions for 2025
[2026-06-26 09:49:30]   └─ Saved to: articles/crypto-trends-2025.html
[2026-06-26 09:49:30] ✓ Generated: How to Secure Your Crypto Wallet: Best Practices 2024
[2026-06-26 09:49:30]   └─ Saved to: articles/secure-crypto-wallet.html
[2026-06-26 09:49:30] ✓ Generated: Smart Contracts: Revolutionizing Digital Agreements
[2026-06-26 09:49:30]   └─ Saved to: articles/smart-contracts-guide.html
[2026-06-26 09:49:30] ============================================================
[2026-06-26 09:49:30] Generation complete: 3 new articles created
[2026-06-26 09:49:30] ============================================================
[2026-06-27 05:57:50] ============================================================
[2026-06-27 05:57:50] Starting content generation process
[2026-06-27 05:57:50] ============================================================
[2026-06-27 05:57:50] ✓ Configuration loaded
[2026-06-27 05:57:50] ✓ Found 6 previously generated articles
[2026-06-27 05:57:50] ⊘ Skipping secure-crypto-wallet (already generated)
[2026-06-27 05:57:50] ⊘ Skipping crypto-staking-guide (already generated)
[2026-06-27 05:57:50] ✓ Generated: Decentralized Finance (DeFi) Explained: A Beginner's Guide
[2026-06-27 05:57:50]   └─ Saved to: articles/defi-guide-beginners.html
[2026-06-27 05:57:50] ============================================================
[2026-06-27 05:57:50] Generation complete: 1 new articles created
[2026-06-27 05:57:50] ============================================================
[2026-06-28 06:25:03] ============================================================
[2026-06-28 06:25:03] Starting content generation process
[2026-06-28 06:25:03] ============================================================
[2026-06-28 06:25:03] ✓ Configuration loaded
[2026-06-28 06:25:03] ✓ Found 7 previously generated articles
[2026-06-28 06:25:03] ✓ Generated: Trading Cryptocurrency: Strategies for Beginners and Pros
[2026-06-28 06:25:03]   └─ Saved to: articles/crypto-trading-strategies.html
[2026-06-28 06:25:03] ⊘ Skipping smart-contracts-guide (already generated)
[2026-06-28 06:25:03] ⊘ Skipping defi-guide-beginners (already generated)
[2026-06-28 06:25:03] ============================================================
[2026-06-28 06:25:03] Generation complete: 1 new articles created
[2026-06-28 06:25:03] ============================================================
[2026-06-29 11:35:24] ============================================================
[2026-06-29 11:35:24] Starting content generation process
[2026-06-29 11:35:24] ============================================================
[2026-06-29 11:35:24] ✓ Configuration loaded
[2026-06-29 11:35:24] ✓ Found 8 previously generated articles
[2026-06-29 11:35:24] ⊘ Skipping defi-guide-beginners (already generated)
[2026-06-29 11:35:24] ✓ Generated: Blockchain Technology Explained: From Basics to Applications
[2026-06-29 11:35:24]   └─ Saved to: articles/blockchain-technology-guide.html
[2026-06-29 11:35:24] ⊘ Skipping nft-guide-explained (already generated)
[2026-06-29 11:35:24] ============================================================
[2026-06-29 11:35:24] Generation complete: 1 new articles created
[2026-06-29 11:35:24] ============================================================
[2026-06-30 19:20:51] ============================================================
[2026-06-30 19:20:51] Starting content generation process
[2026-06-30 19:20:51] ============================================================
[2026-06-30 19:20:51] ✓ Configuration loaded
[2026-06-30 19:20:51] ✓ Found 9 previously generated articles
[2026-06-30 19:20:51] ⊘ Skipping smart-contracts-guide (already generated)
[2026-06-30 19:20:51] ⊘ Skipping crypto-staking-guide (already generated)
[2026-06-30 19:20:51] ✓ Generated: Bitcoin vs Ethereum: Detailed Comparison for Beginners
[2026-06-30 19:20:51]   └─ Saved to: articles/bitcoin-vs-ethereum-guide.html
[2026-06-30 19:20:51] ============================================================
[2026-06-30 19:20:51] Generation complete: 1 new articles created
[2026-06-30 19:20:51] ============================================================
